<?xml version="1.0" encoding="UTF-8"?>
<testsuite name="ru.offer.hunt.oh_ai_gateway.security.SecurityTest" tests="3" skipped="0" failures="0" errors="0" timestamp="2025-10-19T13:58:51.832Z" hostname="DESKTOP-022MT2D" time="0.187">
  <properties/>
  <testcase name="unauthorized401()" classname="ru.offer.hunt.oh_ai_gateway.security.SecurityTest" time="0.062"/>
  <testcase name="ok200()" classname="ru.offer.hunt.oh_ai_gateway.security.SecurityTest" time="0.112"/>
  <testcase name="forbidden403()" classname="ru.offer.hunt.oh_ai_gateway.security.SecurityTest" time="0.009"/>
  <system-out><![CDATA[2025-10-19T20:58:49.745+07:00  INFO 16760 --- [    Test worker] t.c.s.AnnotationConfigContextLoaderUtils : Could not detect default configuration classes for test class [ru.offer.hunt.oh_ai_gateway.security.SecurityTest]: SecurityTest does not declare any static, non-private, non-final, nested classes annotated with @Configuration.
2025-10-19T20:58:49.757+07:00  INFO 16760 --- [    Test worker] .b.t.c.SpringBootTestContextBootstrapper : Found @SpringBootConfiguration ru.offer.hunt.oh_ai_gateway.OhCourseApplication for test class ru.offer.hunt.oh_ai_gateway.security.SecurityTest
2025-10-19T20:58:50.456+07:00  INFO 16760 --- [    Test worker] org.eclipse.jetty.server.Server          : jetty-12.0.11; built: 2024-06-27T23:42:49.912Z; git: 9f90cedce372142f30c744a16a38d2c6bf634ab6; jvm 21.0.7+8-LTS-245
2025-10-19T20:58:50.482+07:00  INFO 16760 --- [    Test worker] o.e.jetty.server.handler.ContextHandler  : Started oeje10s.ServletContextHandler@63b4a896{/__admin,/__admin,b=null,a=AVAILABLE,h=oeje10s.ServletHandler@3feeab43{STARTED}}
2025-10-19T20:58:50.485+07:00  WARN 16760 --- [    Test worker] o.eclipse.jetty.util.DeprecationWarning  : Using @Deprecated Class org.eclipse.jetty.ee10.servlets.CrossOriginFilter
2025-10-19T20:58:50.488+07:00  INFO 16760 --- [    Test worker] o.e.j.e.servlet.ServletContextHandler    : Started oeje10s.ServletContextHandler@63b4a896{/__admin,/__admin,b=null,a=AVAILABLE,h=oeje10s.ServletHandler@3feeab43{STARTED}}
2025-10-19T20:58:50.491+07:00  INFO 16760 --- [    Test worker] o.e.jetty.server.handler.ContextHandler  : Started oeje10s.ServletContextHandler@4ad04b05{ROOT,/,b=null,a=AVAILABLE,h=oeje10s.ServletHandler@78b888df{STARTED}}
2025-10-19T20:58:50.494+07:00  INFO 16760 --- [    Test worker] o.e.j.s.handler.ContextHandler.ROOT      : RequestHandlerClass from context returned com.github.tomakehurst.wiremock.http.StubRequestHandler. Normalized mapped under returned 'null'
2025-10-19T20:58:50.494+07:00  INFO 16760 --- [    Test worker] o.e.j.e.servlet.ServletContextHandler    : Started oeje10s.ServletContextHandler@4ad04b05{ROOT,/,b=null,a=AVAILABLE,h=oeje10s.ServletHandler@78b888df{STARTED}}
2025-10-19T20:58:50.505+07:00  INFO 16760 --- [    Test worker] o.e.jetty.server.AbstractConnector       : Started NetworkTrafficServerConnector@5896899d{HTTP/1.1, (http/1.1, h2c)}{0.0.0.0:8999}
2025-10-19T20:58:50.507+07:00  INFO 16760 --- [    Test worker] org.eclipse.jetty.server.Server          : Started oejs.Server@c53dfb2{STARTING}[12.0.11,sto=1000] @12601ms
2025-10-19T20:58:50.919+07:00  INFO 16760 --- [tp1953660481-92] o.e.j.s.handler.ContextHandler.___admin  : RequestHandlerClass from context returned com.github.tomakehurst.wiremock.http.AdminRequestHandler. Normalized mapped under returned 'null'

  .   ____          _            __ _ _
 /\\ / ___'_ __ _ _(_)_ __  __ _ \ \ \ \
( ( )\___ | '_ | '_| | '_ \/ _` | \ \ \ \
 \\/  ___)| |_)| | | | | || (_| |  ) ) ) )
  '  |____| .__|_| |_|_| |_\__, | / / / /
 =========|_|==============|___/=/_/_/_/

 :: Spring Boot ::                (v3.3.2)

2025-10-19T20:58:51.151+07:00  INFO 16760 --- [    Test worker] r.o.h.o.security.SecurityTest            : Starting SecurityTest using Java 21.0.7 with PID 16760 (started by OneWay in C:\WORK_HARD\GIT\oh-ai-gateway)
2025-10-19T20:58:51.152+07:00  INFO 16760 --- [    Test worker] r.o.h.o.security.SecurityTest            : The following 1 profile is active: "test"
2025-10-19T20:58:51.820+07:00  INFO 16760 --- [    Test worker] o.s.b.t.m.w.SpringBootMockServletContext : Initializing Spring TestDispatcherServlet ''
2025-10-19T20:58:51.822+07:00  INFO 16760 --- [    Test worker] o.s.t.web.servlet.TestDispatcherServlet  : Initializing Servlet ''
2025-10-19T20:58:51.822+07:00  INFO 16760 --- [    Test worker] o.s.t.web.servlet.TestDispatcherServlet  : Completed initialization in 0 ms
2025-10-19T20:58:51.829+07:00  INFO 16760 --- [    Test worker] r.o.h.o.security.SecurityTest            : Started SecurityTest in 0.773 seconds (process running for 13.923)
2025-10-19T20:58:52.022+07:00  INFO 16760 --- [    Test worker] org.eclipse.jetty.server.Server          : Stopped oejs.Server@c53dfb2{STOPPING}[12.0.11,sto=1000]
2025-10-19T20:58:52.023+07:00  INFO 16760 --- [    Test worker] org.eclipse.jetty.server.Server          : Shutdown oejs.Server@c53dfb2{STOPPING}[12.0.11,sto=1000]
2025-10-19T20:58:52.030+07:00  INFO 16760 --- [    Test worker] o.e.jetty.server.AbstractConnector       : Stopped NetworkTrafficServerConnector@5896899d{HTTP/1.1, (http/1.1, h2c)}{0.0.0.0:8999}
2025-10-19T20:58:52.034+07:00  INFO 16760 --- [    Test worker] o.e.j.e.servlet.ServletContextHandler    : Stopped oeje10s.ServletContextHandler@4ad04b05{ROOT,/,b=null,a=AVAILABLE,h=oeje10s.ServletHandler@78b888df{STOPPED}}
2025-10-19T20:58:52.035+07:00  INFO 16760 --- [    Test worker] o.e.j.e.servlet.ServletContextHandler    : Stopped oeje10s.ServletContextHandler@63b4a896{/__admin,/__admin,b=null,a=AVAILABLE,h=oeje10s.ServletHandler@3feeab43{STOPPED}}
]]></system-out>
  <system-err><![CDATA[]]></system-err>
</testsuite>
