<?xml version="1.0" encoding="UTF-8"?>
<testsuite name="ru.offer.hunt.oh_ai_gateway.OhCourseApplicationTests" tests="1" skipped="0" failures="0" errors="0" timestamp="2025-10-19T13:58:42.343Z" hostname="DESKTOP-022MT2D" time="1.004">
  <properties/>
  <testcase name="contextLoads()" classname="ru.offer.hunt.oh_ai_gateway.OhCourseApplicationTests" time="1.004"/>
  <system-out><![CDATA[20:58:39.125 [Test worker] INFO org.springframework.test.context.support.AnnotationConfigContextLoaderUtils -- Could not detect default configuration classes for test class [ru.offer.hunt.oh_ai_gateway.OhCourseApplicationTests]: OhCourseApplicationTests does not declare any static, non-private, non-final, nested classes annotated with @Configuration.
20:58:39.264 [Test worker] INFO org.springframework.boot.test.context.SpringBootTestContextBootstrapper -- Found @SpringBootConfiguration ru.offer.hunt.oh_ai_gateway.OhCourseApplication for test class ru.offer.hunt.oh_ai_gateway.OhCourseApplicationTests

  .   ____          _            __ _ _
 /\\ / ___'_ __ _ _(_)_ __  __ _ \ \ \ \
( ( )\___ | '_ | '_| | '_ \/ _` | \ \ \ \
 \\/  ___)| |_)| | | | | || (_| |  ) ) ) )
  '  |____| .__|_| |_|_| |_\__, | / / / /
 =========|_|==============|___/=/_/_/_/

 :: Spring Boot ::                (v3.3.2)

2025-10-19T20:58:39.827+07:00  INFO 16760 --- [    Test worker] r.o.h.o.OhCourseApplicationTests         : Starting OhCourseApplicationTests using Java 21.0.7 with PID 16760 (started by OneWay in C:\WORK_HARD\GIT\oh-ai-gateway)
2025-10-19T20:58:39.829+07:00  INFO 16760 --- [    Test worker] r.o.h.o.OhCourseApplicationTests         : No active profile set, falling back to 1 default profile: "default"
2025-10-19T20:58:42.326+07:00  INFO 16760 --- [    Test worker] r.o.h.o.OhCourseApplicationTests         : Started OhCourseApplicationTests in 2.845 seconds (process running for 4.419)
]]></system-out>
  <system-err><![CDATA[WARNING: A Java agent has been loaded dynamically (C:\Users\OneWay\.gradle\caches\modules-2\files-2.1\net.bytebuddy\byte-buddy-agent\1.14.18\417558ea01fe9f0e8a94af28b9469d281c4e3984\byte-buddy-agent-1.14.18.jar)
WARNING: If a serviceability tool is in use, please run with -XX:+EnableDynamicAgentLoading to hide this warning
WARNING: If a serviceability tool is not in use, please run with -Djdk.instrument.traceUsage for more information
WARNING: Dynamic loading of agents will be disallowed by default in a future release
]]></system-err>
</testsuite>
