<?xml version="1.0" encoding="UTF-8"?>
<testsuite name="ru.offer.hunt.oh_ai_gateway.db.DbSmokeTest" tests="1" skipped="0" failures="0" errors="0" timestamp="2025-10-19T13:58:49.627Z" hostname="DESKTOP-022MT2D" time="0.106">
  <properties/>
  <testcase name="schema()" classname="ru.offer.hunt.oh_ai_gateway.db.DbSmokeTest" time="0.106"/>
  <system-out><![CDATA[2025-10-19T20:58:43.391+07:00  INFO 16760 --- [    Test worker] org.testcontainers.images.PullPolicy     : Image pull policy will be performed by: DefaultPullPolicy()
2025-10-19T20:58:43.394+07:00  INFO 16760 --- [    Test worker] o.t.utility.ImageNameSubstitutor         : Image name substitution will be performed by: DefaultImageNameSubstitutor (composite of 'ConfigurationFileImageNameSubstitutor' and 'PrefixingImageNameSubstitutor')
2025-10-19T20:58:43.608+07:00  INFO 16760 --- [    Test worker] o.t.d.DockerClientProviderStrategy       : Loaded org.testcontainers.dockerclient.NpipeSocketClientProviderStrategy from ~/.testcontainers.properties, will try it first
2025-10-19T20:58:43.982+07:00  INFO 16760 --- [    Test worker] o.t.d.DockerClientProviderStrategy       : Found Docker environment with local Npipe socket (npipe:////./pipe/docker_engine)
2025-10-19T20:58:43.983+07:00  INFO 16760 --- [    Test worker] org.testcontainers.DockerClientFactory   : Docker host IP address is localhost
2025-10-19T20:58:44.012+07:00  INFO 16760 --- [    Test worker] org.testcontainers.DockerClientFactory   : Connected to docker: 
  Server Version: 28.5.1
  API Version: 1.51
  Operating System: Docker Desktop
  Total Memory: 7604 MB
2025-10-19T20:58:44.154+07:00  INFO 16760 --- [    Test worker] tc.testcontainers/ryuk:0.7.0             : Creating container for image: testcontainers/ryuk:0.7.0
2025-10-19T20:58:44.304+07:00  INFO 16760 --- [    Test worker] o.t.utility.RegistryAuthLocator          : Credential helper/store (docker-credential-desktop) does not have credentials for https://index.docker.io/v1/
2025-10-19T20:58:44.507+07:00  INFO 16760 --- [    Test worker] tc.testcontainers/ryuk:0.7.0             : Container testcontainers/ryuk:0.7.0 is starting: 24a1ca224220687552118b0d0d8565dcd503c7fd86aeeed673c5eb460d3e29e1
2025-10-19T20:58:45.106+07:00  INFO 16760 --- [    Test worker] tc.testcontainers/ryuk:0.7.0             : Container testcontainers/ryuk:0.7.0 started in PT0.9519711S
2025-10-19T20:58:45.119+07:00  INFO 16760 --- [    Test worker] o.t.utility.RyukResourceReaper           : Ryuk started - will monitor and terminate Testcontainers containers on JVM exit
2025-10-19T20:58:45.120+07:00  INFO 16760 --- [    Test worker] org.testcontainers.DockerClientFactory   : Checking the system...
2025-10-19T20:58:45.120+07:00  INFO 16760 --- [    Test worker] org.testcontainers.DockerClientFactory   : ✔︎ Docker server version should be at least 1.6.0
2025-10-19T20:58:45.121+07:00  INFO 16760 --- [    Test worker] tc.postgres:16-alpine                    : Creating container for image: postgres:16-alpine
2025-10-19T20:58:45.274+07:00  INFO 16760 --- [    Test worker] tc.postgres:16-alpine                    : Container postgres:16-alpine is starting: 9a7bb2d56bc2e74c61ca44b90fe010eeafda7adc210eb87aabdfd080c55d236f
2025-10-19T20:58:48.096+07:00  INFO 16760 --- [    Test worker] tc.postgres:16-alpine                    : Container postgres:16-alpine started in PT2.9753238S
2025-10-19T20:58:48.098+07:00  INFO 16760 --- [    Test worker] tc.postgres:16-alpine                    : Container is started (JDBC URL: jdbc:postgresql://localhost:56613/gateway_db?loggerLevel=OFF)
2025-10-19T20:58:48.103+07:00  INFO 16760 --- [    Test worker] t.c.s.AnnotationConfigContextLoaderUtils : Could not detect default configuration classes for test class [ru.offer.hunt.oh_ai_gateway.db.DbSmokeTest]: DbSmokeTest does not declare any static, non-private, non-final, nested classes annotated with @Configuration.
2025-10-19T20:58:48.129+07:00  INFO 16760 --- [    Test worker] .b.t.c.SpringBootTestContextBootstrapper : Found @SpringBootConfiguration ru.offer.hunt.oh_ai_gateway.OhCourseApplication for test class ru.offer.hunt.oh_ai_gateway.db.DbSmokeTest

  .   ____          _            __ _ _
 /\\ / ___'_ __ _ _(_)_ __  __ _ \ \ \ \
( ( )\___ | '_ | '_| | '_ \/ _` | \ \ \ \
 \\/  ___)| |_)| | | | | || (_| |  ) ) ) )
  '  |____| .__|_| |_|_| |_\__, | / / / /
 =========|_|==============|___/=/_/_/_/

 :: Spring Boot ::                (v3.3.2)

2025-10-19T20:58:48.174+07:00  INFO 16760 --- [    Test worker] r.o.hunt.oh_ai_gateway.db.DbSmokeTest    : Starting DbSmokeTest using Java 21.0.7 with PID 16760 (started by OneWay in C:\WORK_HARD\GIT\oh-ai-gateway)
2025-10-19T20:58:48.175+07:00  INFO 16760 --- [    Test worker] r.o.hunt.oh_ai_gateway.db.DbSmokeTest    : No active profile set, falling back to 1 default profile: "default"
2025-10-19T20:58:49.043+07:00  INFO 16760 --- [    Test worker] com.zaxxer.hikari.HikariDataSource       : HikariPool-1 - Starting...
2025-10-19T20:58:49.223+07:00  INFO 16760 --- [    Test worker] com.zaxxer.hikari.pool.HikariPool        : HikariPool-1 - Added connection org.postgresql.jdbc.PgConnection@35c9f527
2025-10-19T20:58:49.225+07:00  INFO 16760 --- [    Test worker] com.zaxxer.hikari.HikariDataSource       : HikariPool-1 - Start completed.
2025-10-19T20:58:49.330+07:00  INFO 16760 --- [    Test worker] o.f.core.internal.database.base.Schema   : Creating schema "gateway" ...
2025-10-19T20:58:49.344+07:00  INFO 16760 --- [    Test worker] o.f.c.i.s.JdbcTableSchemaHistory         : Creating Schema History table "gateway"."flyway_schema_history" ...
2025-10-19T20:58:49.471+07:00  INFO 16760 --- [    Test worker] o.f.core.internal.command.DbMigrate      : Current version of schema "gateway": null
2025-10-19T20:58:49.489+07:00  INFO 16760 --- [    Test worker] o.f.core.internal.command.DbMigrate      : Migrating schema "gateway" to version "1 - init schema"
2025-10-19T20:58:49.546+07:00  INFO 16760 --- [    Test worker] o.f.core.internal.command.DbMigrate      : Successfully applied 1 migration to schema "gateway", now at version v1 (execution time 00:00.022s)
2025-10-19T20:58:49.623+07:00  INFO 16760 --- [    Test worker] r.o.hunt.oh_ai_gateway.db.DbSmokeTest    : Started DbSmokeTest in 1.488 seconds (process running for 11.716)
]]></system-out>
  <system-err><![CDATA[]]></system-err>
</testsuite>
